Start time: Wed Mar 19 19:43:43 2025

              |=============================|
              |      REGENIE v3.2.2.gz      |
              |=============================|

Copyright (c) 2020-2022 Joelle Mbatchou, Andrey Ziyatdinov and Jonathan Marchini.
Distributed under the MIT License.
Compiled with Boost Iostream library.

Log of output saved in file : /stanley/huang_lab/home/myu/IBD/CFTR/undetected_CF_sim/output/CF_risk_remove239.log

Options in effect:
  --step 2 \
  --bt \
  --bsize 200 \
  --firth \
  --threads 1 \
  --aaf-bins 0.001,0.002,0.0025,1 \
  --phenoColList AFF \
  --covarColList SEX,PC1,PC2,PC3,PC4,PC5 \
  --pgen /stanley/huang_lab/home/myu/IBD/preprocess/geno_data/1.plink_format/gnomAD.v4.ibd_subset \
  --covarFile /stanley/huang_lab/home/myu/IBD/preprocess/pheno_data/ibd_control_EUR.pheno \
  --phenoFile /stanley/huang_lab/home/myu/IBD/preprocess/pheno_data/ibd_control_EUR.pheno \
  --pred /stanley/huang_lab/home/myu/IBD/regenie_output/step1/ibd_EUR.step1_pred.list \
  --anno-file /stanley/huang_lab/home/myu/IBD/CFTR/burden_test/input/cf_variants.burden_annot.txt \
  --mask-def /stanley/huang_lab/home/myu/IBD/CFTR/burden_test/input/burden_test.mask \
  --set-list /stanley/huang_lab/home/myu/IBD/CFTR/burden_test/input/CFTR_all.setlist \
  --out /stanley/huang_lab/home/myu/IBD/CFTR/undetected_CF_sim/output/CF_risk_remove239 \
  --write-mask-snplist \
  --remove /stanley/huang_lab/home/myu/IBD/CFTR/undetected_CF_sim/remove_ids/remove_239_control.txt

Association testing mode (joint tests) with fast multithreading using OpenMP
 * pvar             : [/stanley/huang_lab/home/myu/IBD/preprocess/geno_data/1.plink_format/gnomAD.v4.ibd_subset.pvar] n_snps = 10821747
 * psam             : [/stanley/huang_lab/home/myu/IBD/preprocess/geno_data/1.plink_format/gnomAD.v4.ibd_subset.psam] n_samples = 173330
   -removing individuals specified by --remove
   -number of genotyped individuals remaining in the analysis = 172968
 * pgen             : [/stanley/huang_lab/home/myu/IBD/preprocess/geno_data/1.plink_format/gnomAD.v4.ibd_subset.pgen] 
 * phenotypes       : [/stanley/huang_lab/home/myu/IBD/preprocess/pheno_data/ibd_control_EUR.pheno] n_pheno = 1
   -dropping observations with missing values at any of the phenotypes
   -number of phenotyped individuals with no missing data = 103970
 * covariates       : [/stanley/huang_lab/home/myu/IBD/preprocess/pheno_data/ibd_control_EUR.pheno] n_cov = 6
   -number of individuals with covariate data = 103970
 * number of individuals used in analysis = 103970
 * case-control counts for each trait:
   - 'AFF': 38199 cases and 65771 controls
 * LOCO predictions : [/stanley/huang_lab/home/myu/IBD/regenie_output/step1/ibd_EUR.step1_pred.list]
   -file [/stanley/huang_lab/home/myu/IBD/regenie_output/step1/ibd_EUR.step1_1.loco] for phenotype 'AFF'
 * annotations      : [/stanley/huang_lab/home/myu/IBD/CFTR/burden_test/input/cf_variants.burden_annot.txt] 
   +number of annotations categories = 5
 * masks            : [/stanley/huang_lab/home/myu/IBD/CFTR/burden_test/input/burden_test.mask] n_masks = 2
WARNING: Detected 10 masks with only unknown annotations (these are ignored).
WARNING: For computational efficiency, it is recommended that AAF cutoffs < 0.5
 * aaf cutoffs      : [ 4 : 0.001 0.002 0.0025 1 ] + singletons
 * set file         : [/stanley/huang_lab/home/myu/IBD/CFTR/burden_test/input/CFTR_all.setlist] n_sets = 1
WARNING: Detected 1 sets with variants not in genetic data or annotation files.
 * # threads        : [1]
 * # tested sets    : [1]
 * max block size   : [200]
 * rule used to build masks : max
 * approximate memory usage : 3GB
 * writing list of variants for each mask in file [/stanley/huang_lab/home/myu/IBD/CFTR/undetected_CF_sim/output/CF_risk_remove239_masks.snplist]
 * using minimum MAC of 5 (masks with lower MAC are ignored)
 * using Firth correction for logistic regression p-values less than 0.05

Chromosome 7 [1 sets in total]
   -reading loco predictions for the chromosome...done (570ms) 
   -fitting null logistic regression on binary phenotypes...done (110ms) 
 set [1/1] : CFTR - 197 variants...
     -reading in genotypes and building masks...done (975ms) 
     -computing association tests...done (8492ms) 

Association results stored separately for each trait in files : 
* [/stanley/huang_lab/home/myu/IBD/CFTR/undetected_CF_sim/output/CF_risk_remove239_AFF.regenie]

Number of tests with Firth correction : 8
Number of failed tests : (0/8)
Number of ignored tests due to low MAC : 0

Elapsed time : 40.0977s
End time: Wed Mar 19 19:44:23 2025

