Start time: Wed Mar 19 20:04:32 2025

              |=============================|
              |      REGENIE v3.2.2.gz      |
              |=============================|

Copyright (c) 2020-2022 Joelle Mbatchou, Andrey Ziyatdinov and Jonathan Marchini.
Distributed under the MIT License.
Compiled with Boost Iostream library.

Log of output saved in file : /stanley/huang_lab/home/myu/IBD/CFTR/undetected_CF_sim/output/CF_risk_remove756.log

Options in effect:
  --step 2 \
  --bt \
  --bsize 200 \
  --firth \
  --threads 1 \
  --aaf-bins 0.001,0.002,0.0025,1 \
  --phenoColList AFF \
  --covarColList SEX,PC1,PC2,PC3,PC4,PC5 \
  --pgen /stanley/huang_lab/home/myu/IBD/preprocess/geno_data/1.plink_format/gnomAD.v4.ibd_subset \
  --covarFile /stanley/huang_lab/home/myu/IBD/preprocess/pheno_data/ibd_control_EUR.pheno \
  --phenoFile /stanley/huang_lab/home/myu/IBD/preprocess/pheno_data/ibd_control_EUR.pheno \
  --pred /stanley/huang_lab/home/myu/IBD/regenie_output/step1/ibd_EUR.step1_pred.list \
  --anno-file /stanley/huang_lab/home/myu/IBD/CFTR/burden_test/input/cf_variants.burden_annot.txt \
  --mask-def /stanley/huang_lab/home/myu/IBD/CFTR/burden_test/input/burden_test.mask \
  --set-list /stanley/huang_lab/home/myu/IBD/CFTR/burden_test/input/CFTR_all.setlist \
  --out /stanley/huang_lab/home/myu/IBD/CFTR/undetected_CF_sim/output/CF_risk_remove756 \
  --write-mask-snplist \
  --remove /stanley/huang_lab/home/myu/IBD/CFTR/undetected_CF_sim/remove_ids/remove_756_control.txt

Association testing mode (joint tests) with fast multithreading using OpenMP
 * pvar             : [/stanley/huang_lab/home/myu/IBD/preprocess/geno_data/1.plink_format/gnomAD.v4.ibd_subset.pvar] 